c:\users\theun\onedrive - vega school\documents 2020\vega\2020\semester 2\gade7312\task 1\coding\codingwcherno\debug\vc142.pdb
c:\users\theun\onedrive - vega school\documents 2020\vega\2020\semester 2\gade7312\task 1\coding\codingwcherno\debug\vc142.idb
c:\users\theun\onedrive - vega school\documents 2020\vega\2020\semester 2\gade7312\task 1\coding\codingwcherno\debug\vertexbuffer.obj
c:\users\theun\onedrive - vega school\documents 2020\vega\2020\semester 2\gade7312\task 1\coding\codingwcherno\debug\stb_image.obj
c:\users\theun\onedrive - vega school\documents 2020\vega\2020\semester 2\gade7312\task 1\coding\codingwcherno\debug\imgui_widgets.obj
c:\users\theun\onedrive - vega school\documents 2020\vega\2020\semester 2\gade7312\task 1\coding\codingwcherno\debug\imgui_impl_opengl3.obj
c:\users\theun\onedrive - vega school\documents 2020\vega\2020\semester 2\gade7312\task 1\coding\codingwcherno\debug\imgui_draw.obj
c:\users\theun\onedrive - vega school\documents 2020\vega\2020\semester 2\gade7312\task 1\coding\codingwcherno\debug\imgui_demo.obj
c:\users\theun\onedrive - vega school\documents 2020\vega\2020\semester 2\gade7312\task 1\coding\codingwcherno\debug\imgui.obj
c:\users\theun\onedrive - vega school\documents 2020\vega\2020\semester 2\gade7312\task 1\coding\codingwcherno\debug\glm.obj
c:\users\theun\onedrive - vega school\documents 2020\vega\2020\semester 2\gade7312\task 1\coding\codingwcherno\debug\testclearcolor.obj
c:\users\theun\onedrive - vega school\documents 2020\vega\2020\semester 2\gade7312\task 1\coding\codingwcherno\debug\shader.obj
c:\users\theun\onedrive - vega school\documents 2020\vega\2020\semester 2\gade7312\task 1\coding\codingwcherno\debug\renderer.obj
c:\users\theun\onedrive - vega school\documents 2020\vega\2020\semester 2\gade7312\task 1\coding\codingwcherno\debug\indexbuffer.obj
c:\users\theun\onedrive - vega school\documents 2020\vega\2020\semester 2\gade7312\task 1\coding\codingwcherno\debug\application.obj
c:\users\theun\onedrive - vega school\documents 2020\vega\2020\semester 2\gade7312\task 1\coding\codingwcherno\debug\camera.obj
c:\users\theun\onedrive - vega school\documents 2020\vega\2020\semester 2\gade7312\task 1\coding\codingwcherno\debug\model.obj
c:\users\theun\onedrive - vega school\documents 2020\vega\2020\semester 2\gade7312\task 1\coding\codingwcherno\debug\mesh.obj
c:\users\theun\onedrive - vega school\documents 2020\vega\2020\semester 2\gade7312\task 1\coding\codingwcherno\debug\cubemap.obj
c:\users\theun\onedrive - vega school\documents 2020\vega\2020\semester 2\gade7312\task 1\coding\codingwcherno\debug\skybox.obj
c:\users\theun\onedrive - vega school\documents 2020\vega\2020\semester 2\gade7312\task 1\coding\codingwcherno\debug\texture.obj
c:\users\theun\onedrive - vega school\documents 2020\vega\2020\semester 2\gade7312\task 1\coding\codingwcherno\debug\vertexbufferlayout.obj
c:\users\theun\onedrive - vega school\documents 2020\vega\2020\semester 2\gade7312\task 1\coding\codingwcherno\debug\vertexarray.obj
c:\users\theun\onedrive - vega school\documents 2020\vega\2020\semester 2\gade7312\task 1\coding\codingwcherno\debug\imgui_impl_glfw.obj
c:\users\theun\onedrive - vega school\documents 2020\vega\2020\semester 2\gade7312\task 1\coding\codingwcherno\debug\codingwcherno.exe
c:\users\theun\onedrive - vega school\documents 2020\vega\2020\semester 2\gade7312\task 1\coding\codingwcherno\debug\codingwcherno.ilk
c:\users\theun\onedrive - vega school\documents 2020\vega\2020\semester 2\gade7312\task 1\coding\codingwcherno\debug\codingwcherno.pdb
c:\users\theun\onedrive - vega school\documents 2020\vega\2020\semester 2\gade7312\task 1\coding\codingwcherno\debug\codingwcherno.tlog\cl.command.1.tlog
c:\users\theun\onedrive - vega school\documents 2020\vega\2020\semester 2\gade7312\task 1\coding\codingwcherno\debug\codingwcherno.tlog\cl.read.1.tlog
c:\users\theun\onedrive - vega school\documents 2020\vega\2020\semester 2\gade7312\task 1\coding\codingwcherno\debug\codingwcherno.tlog\cl.write.1.tlog
c:\users\theun\onedrive - vega school\documents 2020\vega\2020\semester 2\gade7312\task 1\coding\codingwcherno\debug\codingwcherno.tlog\link.command.1.tlog
c:\users\theun\onedrive - vega school\documents 2020\vega\2020\semester 2\gade7312\task 1\coding\codingwcherno\debug\codingwcherno.tlog\link.read.1.tlog
c:\users\theun\onedrive - vega school\documents 2020\vega\2020\semester 2\gade7312\task 1\coding\codingwcherno\debug\codingwcherno.tlog\link.write.1.tlog
