c:\users\theun\onedrive - vega school\documents 2020\vega\2020\semester 2\gade7312\task 1\coding\gadetask1\debug\vc142.pdb
c:\users\theun\onedrive - vega school\documents 2020\vega\2020\semester 2\gade7312\task 1\coding\gadetask1\debug\vc142.idb
c:\users\theun\onedrive - vega school\documents 2020\vega\2020\semester 2\gade7312\task 1\coding\gadetask1\debug\vertexbuffer.obj
c:\users\theun\onedrive - vega school\documents 2020\vega\2020\semester 2\gade7312\task 1\coding\gadetask1\debug\stb_image.obj
c:\users\theun\onedrive - vega school\documents 2020\vega\2020\semester 2\gade7312\task 1\coding\gadetask1\debug\imgui_widgets.obj
c:\users\theun\onedrive - vega school\documents 2020\vega\2020\semester 2\gade7312\task 1\coding\gadetask1\debug\imgui_impl_opengl3.obj
c:\users\theun\onedrive - vega school\documents 2020\vega\2020\semester 2\gade7312\task 1\coding\gadetask1\debug\imgui_impl_glfw.obj
c:\users\theun\onedrive - vega school\documents 2020\vega\2020\semester 2\gade7312\task 1\coding\gadetask1\debug\imgui_draw.obj
c:\users\theun\onedrive - vega school\documents 2020\vega\2020\semester 2\gade7312\task 1\coding\gadetask1\debug\imgui_demo.obj
c:\users\theun\onedrive - vega school\documents 2020\vega\2020\semester 2\gade7312\task 1\coding\gadetask1\debug\imgui.obj
c:\users\theun\onedrive - vega school\documents 2020\vega\2020\semester 2\gade7312\task 1\coding\gadetask1\debug\glm.obj
c:\users\theun\onedrive - vega school\documents 2020\vega\2020\semester 2\gade7312\task 1\coding\gadetask1\debug\testclearcolor.obj
c:\users\theun\onedrive - vega school\documents 2020\vega\2020\semester 2\gade7312\task 1\coding\gadetask1\debug\shader.obj
c:\users\theun\onedrive - vega school\documents 2020\vega\2020\semester 2\gade7312\task 1\coding\gadetask1\debug\renderer.obj
c:\users\theun\onedrive - vega school\documents 2020\vega\2020\semester 2\gade7312\task 1\coding\gadetask1\debug\indexbuffer.obj
c:\users\theun\onedrive - vega school\documents 2020\vega\2020\semester 2\gade7312\task 1\coding\gadetask1\debug\application.obj
c:\users\theun\onedrive - vega school\documents 2020\vega\2020\semester 2\gade7312\task 1\coding\gadetask1\debug\camera.obj
c:\users\theun\onedrive - vega school\documents 2020\vega\2020\semester 2\gade7312\task 1\coding\gadetask1\debug\model.obj
c:\users\theun\onedrive - vega school\documents 2020\vega\2020\semester 2\gade7312\task 1\coding\gadetask1\debug\mesh.obj
c:\users\theun\onedrive - vega school\documents 2020\vega\2020\semester 2\gade7312\task 1\coding\gadetask1\debug\cubemap.obj
c:\users\theun\onedrive - vega school\documents 2020\vega\2020\semester 2\gade7312\task 1\coding\gadetask1\debug\skybox.obj
c:\users\theun\onedrive - vega school\documents 2020\vega\2020\semester 2\gade7312\task 1\coding\gadetask1\debug\lighting.obj
c:\users\theun\onedrive - vega school\documents 2020\vega\2020\semester 2\gade7312\task 1\coding\gadetask1\debug\texture.obj
c:\users\theun\onedrive - vega school\documents 2020\vega\2020\semester 2\gade7312\task 1\coding\gadetask1\debug\vertexbufferlayout.obj
c:\users\theun\onedrive - vega school\documents 2020\vega\2020\semester 2\gade7312\task 1\coding\gadetask1\debug\vertexarray.obj
c:\users\theun\onedrive - vega school\documents 2020\vega\2020\semester 2\gade7312\task 1\coding\gadetask1\debug\codingwcherno.ilk
c:\users\theun\onedrive - vega school\documents 2020\vega\2020\semester 2\gade7312\task 1\coding\gadetask1\debug\gadetask1.ilk
c:\users\theun\onedrive - vega school\documents 2020\vega\2020\semester 2\gade7312\task 1\coding\gadetask1\debug\gadetask1.tlog\cl.command.1.tlog
c:\users\theun\onedrive - vega school\documents 2020\vega\2020\semester 2\gade7312\task 1\coding\gadetask1\debug\gadetask1.tlog\cl.read.1.tlog
c:\users\theun\onedrive - vega school\documents 2020\vega\2020\semester 2\gade7312\task 1\coding\gadetask1\debug\gadetask1.tlog\cl.write.1.tlog
c:\users\theun\onedrive - vega school\documents 2020\vega\2020\semester 2\gade7312\task 1\coding\gadetask1\debug\gadetask1.tlog\link.command.1.tlog
c:\users\theun\onedrive - vega school\documents 2020\vega\2020\semester 2\gade7312\task 1\coding\gadetask1\debug\gadetask1.tlog\link.read.1.tlog
c:\users\theun\onedrive - vega school\documents 2020\vega\2020\semester 2\gade7312\task 1\coding\gadetask1\debug\gadetask1.tlog\link.write.1.tlog
